<?xml version="1.0" encoding="UTF-8"?>
<!-- Generated by org.testng.reporters.JUnitReportReporter -->
<testsuite skipped="0" hostname="INAIRLT541061" name="com.main.tests.HomePageTest" tests="1" failures="0" timestamp="2020-01-24T18:14:54 IST" time="57.361" errors="0">
  <testcase name="testMultiSelectDropdown" time="57.361" classname="com.main.tests.HomePageTest"/>
</testsuite> <!-- com.main.tests.HomePageTest -->
